Base path: 'J:/unity/2019.3.12f1/Editor/Data', plugins path 'J:/unity/2019.3.12f1/Editor/Data/PlaybackEngines'
Cmd: initializeCompiler
Cmd: compileComputeKernel
  api=4 insize=21596 outsize=27345 ok=1
Cmd: compileComputeKernel
  api=4 insize=9615 outsize=3216 ok=1
Cmd: compileComputeKernel
  api=4 insize=9809 outsize=6108 ok=1
Cmd: compileComputeKernel
  api=4 insize=17994 outsize=8303 ok=1
Cmd: compileComputeKernel
  api=4 insize=4823 outsize=3422 ok=1
Cmd: compileComputeKernel
  api=4 insize=2617 outsize=963 ok=1
Cmd: compileComputeKernel
  api=4 insize=14139 outsize=4526 ok=1
Cmd: compileComputeKernel
  api=4 insize=40264 outsize=37115 ok=1
Cmd: compileComputeKernel
  api=4 insize=40264 outsize=1522 ok=1
Cmd: compileComputeKernel
  api=4 insize=8511 outsize=1015 ok=1
Cmd: compileComputeKernel
  api=4 insize=3450 outsize=1061 ok=1
Cmd: compileComputeKernel
  api=4 insize=11494 outsize=257 ok=1
Cmd: compileComputeKernel
  api=4 insize=9735 outsize=13300 ok=1
Cmd: compileComputeKernel
  api=4 insize=22339 outsize=5115 ok=1
Cmd: compileComputeKernel
  api=4 insize=6745 outsize=1808 ok=1
Cmd: compileComputeKernel
  api=4 insize=6745 outsize=988 ok=1
Cmd: compileComputeKernel
  api=4 insize=8512 outsize=2926 ok=1
Cmd: compileComputeKernel
  api=4 insize=26542 outsize=324 ok=1
Cmd: compileComputeKernel
  api=4 insize=16295 outsize=43264 ok=1
Cmd: compileComputeKernel
  api=4 insize=16295 outsize=51069 ok=1
Cmd: compileComputeKernel
  api=4 insize=16295 outsize=38626 ok=1
Cmd: compileComputeKernel
  api=4 insize=16295 outsize=45993 ok=1
Cmd: compileComputeKernel
  api=4 insize=16295 outsize=60190 ok=1
Cmd: compileComputeKernel
  api=4 insize=16295 outsize=40379 ok=1
Cmd: compileComputeKernel
  api=4 insize=16295 outsize=103406 ok=1
Cmd: compileComputeKernel
  api=4 insize=7589 outsize=1322 ok=1
Cmd: compileComputeKernel
  api=4 insize=8784 outsize=94079 ok=1

Quitting shader compiler process
